<?xml version="1.0" encoding="UTF-8"?>
<!-- Generated by org.testng.reporters.JUnitXMLReporter -->
<testsuite ignored="0" hostname="DESKTOP-0UIJTDU" failures="1" tests="2" name="Default test" time="0.873" errors="0" timestamp="2023-08-15T15:04:08 ART">
  <testcase classname="testcases.CasoCarrito" name="elegirArticulosAzarCarritoCompras" time="0.147"/>
  <testcase classname="testcases.CasoCarrito" name="anadirProductosAlCarrito" time="0.673">
    <failure type="java.lang.AssertionError" message="expected [Impossible to add the product to the cart.
] but found [Impossible to add the product to the cart.
textStatus: &amp;apos;parsererror&amp;apos;
errorThrown: &amp;apos;SyntaxError: Unexpected token &amp;apos;&amp;lt;&amp;apos;, &amp;quot;
&amp;quot;... is not valid JSON&amp;apos;
responseText:

Notice: Undefined offset: 1 in /home/testerprog/domains/automationpractice.pl/public_html/classes/Cart.php on line 1488

Notice: Undefined offset: 1 in /home/testerprog/domains/automationpractice.pl/public_html/classes/Cart.php on line 1488

Notice: Undefined offset: 1 in /home/testerprog/domains/automationpractice.pl/public_html/classes/Cart.php on line 1488

Notice: Undefined offset: 1 in /home/testerprog/domains/automationpractice.pl/public_html/classes/Cart.php on line 1488

Notice: Undefined offset: 1 in /home/testerprog/domains/automationpractice.pl/public_html/classes/Cart.php on line 1488

Notice: Undefined offset: 1 in /home/testerprog/domains/automationpractice.pl/public_html/classes/Cart.php on line 1488

Notice: Undefined offset: 1 in /home/testerprog/domains/automationpractice.pl/public_html/classes/Cart.php on line 1488

Notice: Undefined offset: 0 in /home/testerprog/domains/automationpractice.pl/public_html/classes/Cart.php on line 1488

Notice: Undefined offset: 0 in /home/testerprog/domains/automationpractice.pl/public_html/classes/Cart.php on line 1488

Notice: Undefined offset: 0 in /home/testerprog/domains/automationpractice.pl/public_html/classes/Cart.php on line 1488

Notice: Undefined offset: 0 in /home/testerprog/domains/automationpractice.pl/public_html/classes/Cart.php on line 1488
{&amp;quot;products&amp;quot;:[{&amp;quot;id&amp;quot;:2,&amp;quot;link&amp;quot;:&amp;quot;http:\/\/www.automationpractice.pl\/index.php?id_product=2&amp;amp;controller=product#\/size-s\/color-black&amp;quot;,&amp;quot;quantity&amp;quot;:1,&amp;quot;image&amp;quot;:&amp;quot;http:\/\/www.automationpractice.pl\/img\/p\/7\/7-home_default.jpg&amp;quot;,&amp;quot;image_cart&amp;quot;:&amp;quot;http:\/\/www.automationpractice.pl\/img\/p\/7\/7-cart_default.jpg&amp;quot;,&amp;quot;priceByLine&amp;quot;:&amp;quot;$27&amp;quot;,&amp;quot;name&amp;quot;:&amp;quot;Blouse&amp;quot;,&amp;quot;price&amp;quot;:&amp;quot;$27&amp;quot;,&amp;quot;price_float&amp;quot;:27,&amp;quot;idCombination&amp;quot;:7,&amp;quot;idAddressDelivery&amp;quot;:0,&amp;quot;is_gift&amp;quot;:false,&amp;quot;hasAttributes&amp;quot;:true,&amp;quot;attributes&amp;quot;:&amp;quot;S, Black&amp;quot;,&amp;quot;hasCustomizedDatas&amp;quot;:false,&amp;quot;customizedDatas&amp;quot;:[]}],&amp;quot;discounts&amp;quot;:[],&amp;quot;shippingCost&amp;quot;:&amp;quot;$7&amp;quot;,&amp;quot;shippingCostFloat&amp;quot;:7,&amp;quot;wrappingCost&amp;quot;:&amp;quot;$0&amp;quot;,&amp;quot;nbTotalProducts&amp;quot;:1,&amp;quot;total&amp;quot;:&amp;quot;$34&amp;quot;,&amp;quot;productTotal&amp;quot;:&amp;quot;$27&amp;quot;,&amp;quot;freeShipping&amp;quot;:&amp;quot;$0&amp;quot;,&amp;quot;freeShippingFloat&amp;quot;:0,&amp;quot;hasError&amp;quot;:false}]">
      <![CDATA[java.lang.AssertionError: expected [Impossible to add the product to the cart.
] but found [Impossible to add the product to the cart.
textStatus: 'parsererror'
errorThrown: 'SyntaxError: Unexpected token '<', "
"... is not valid JSON'
responseText:

Notice: Undefined offset: 1 in /home/testerprog/domains/automationpractice.pl/public_html/classes/Cart.php on line 1488

Notice: Undefined offset: 1 in /home/testerprog/domains/automationpractice.pl/public_html/classes/Cart.php on line 1488

Notice: Undefined offset: 1 in /home/testerprog/domains/automationpractice.pl/public_html/classes/Cart.php on line 1488

Notice: Undefined offset: 1 in /home/testerprog/domains/automationpractice.pl/public_html/classes/Cart.php on line 1488

Notice: Undefined offset: 1 in /home/testerprog/domains/automationpractice.pl/public_html/classes/Cart.php on line 1488

Notice: Undefined offset: 1 in /home/testerprog/domains/automationpractice.pl/public_html/classes/Cart.php on line 1488

Notice: Undefined offset: 1 in /home/testerprog/domains/automationpractice.pl/public_html/classes/Cart.php on line 1488

Notice: Undefined offset: 0 in /home/testerprog/domains/automationpractice.pl/public_html/classes/Cart.php on line 1488

Notice: Undefined offset: 0 in /home/testerprog/domains/automationpractice.pl/public_html/classes/Cart.php on line 1488

Notice: Undefined offset: 0 in /home/testerprog/domains/automationpractice.pl/public_html/classes/Cart.php on line 1488

Notice: Undefined offset: 0 in /home/testerprog/domains/automationpractice.pl/public_html/classes/Cart.php on line 1488
{"products":[{"id":2,"link":"http:\/\/www.automationpractice.pl\/index.php?id_product=2&controller=product#\/size-s\/color-black","quantity":1,"image":"http:\/\/www.automationpractice.pl\/img\/p\/7\/7-home_default.jpg","image_cart":"http:\/\/www.automationpractice.pl\/img\/p\/7\/7-cart_default.jpg","priceByLine":"$27","name":"Blouse","price":"$27","price_float":27,"idCombination":7,"idAddressDelivery":0,"is_gift":false,"hasAttributes":true,"attributes":"S, Black","hasCustomizedDatas":false,"customizedDatas":[]}],"discounts":[],"shippingCost":"$7","shippingCostFloat":7,"wrappingCost":"$0","nbTotalProducts":1,"total":"$34","productTotal":"$27","freeShipping":"$0","freeShippingFloat":0,"hasError":false}]
at org.testng.Assert.fail(Assert.java:111)
at org.testng.Assert.failNotEquals(Assert.java:1578)
at org.testng.Assert.assertEqualsImpl(Assert.java:150)
at org.testng.Assert.assertEquals(Assert.java:132)
at org.testng.Assert.assertEquals(Assert.java:656)
at org.testng.Assert.assertEquals(Assert.java:666)
at testcases.CasoCarrito.anadirProductosAlCarrito(CasoCarrito.java:78)
at java.base/jdk.internal.reflect.NativeMethodAccessorImpl.invoke0(Native Method)
at java.base/jdk.internal.reflect.NativeMethodAccessorImpl.invoke(NativeMethodAccessorImpl.java:62)
at java.base/jdk.internal.reflect.DelegatingMethodAccessorImpl.invoke(DelegatingMethodAccessorImpl.java:43)
at java.base/java.lang.reflect.Method.invoke(Method.java:566)
at org.testng.internal.invokers.MethodInvocationHelper.invokeMethod(MethodInvocationHelper.java:139)
at org.testng.internal.invokers.TestInvoker.invokeMethod(TestInvoker.java:664)
at org.testng.internal.invokers.TestInvoker.invokeTestMethod(TestInvoker.java:227)
at org.testng.internal.invokers.MethodRunner.runInSequence(MethodRunner.java:50)
at org.testng.internal.invokers.TestInvoker$MethodInvocationAgent.invoke(TestInvoker.java:957)
at org.testng.internal.invokers.TestInvoker.invokeTestMethods(TestInvoker.java:200)
at org.testng.internal.invokers.TestMethodWorker.invokeTestMethods(TestMethodWorker.java:148)
at org.testng.internal.invokers.TestMethodWorker.run(TestMethodWorker.java:128)
at java.base/java.util.ArrayList.forEach(ArrayList.java:1541)
at org.testng.TestRunner.privateRun(TestRunner.java:848)
at org.testng.TestRunner.run(TestRunner.java:621)
at org.testng.SuiteRunner.runTest(SuiteRunner.java:443)
at org.testng.SuiteRunner.runSequentially(SuiteRunner.java:437)
at org.testng.SuiteRunner.privateRun(SuiteRunner.java:397)
at org.testng.SuiteRunner.run(SuiteRunner.java:336)
at org.testng.SuiteRunnerWorker.runSuite(SuiteRunnerWorker.java:52)
at org.testng.SuiteRunnerWorker.run(SuiteRunnerWorker.java:95)
at org.testng.TestNG.runSuitesSequentially(TestNG.java:1280)
at org.testng.TestNG.runSuitesLocally(TestNG.java:1200)
at org.testng.TestNG.runSuites(TestNG.java:1114)
at org.testng.TestNG.run(TestNG.java:1082)
at org.testng.remote.AbstractRemoteTestNG.run(AbstractRemoteTestNG.java:115)
at org.testng.remote.RemoteTestNG.initAndRun(RemoteTestNG.java:251)
at org.testng.remote.RemoteTestNG.main(RemoteTestNG.java:77)
]]>
    </failure>
  </testcase> <!-- anadirProductosAlCarrito -->
</testsuite> <!-- Default test -->
