<?xml version="1.0" encoding="UTF-8"?>
<!-- Generated by org.testng.reporters.JUnitReportReporter -->
<testsuite hostname="DESKTOP-0UIJTDU" failures="1" tests="2" name="testcases.CasoCarrito" time="0.820" errors="0" timestamp="2023-08-15T15:04:08 ART" skipped="0">
  <testcase classname="testcases.CasoCarrito" name="anadirProductosAlCarrito" time="0.673">
    <failure message="expected [Impossible to add the product to the cart.
] but found [Impossible to add the product to the cart.
textStatus: &#039;parsererror&#039;
errorThrown: &#039;SyntaxError: Unexpected token &#039;&lt;&#039;, &quot;
&quot;... is not valid JSON&#039;
responseText:

Notice: Undefined offset: 1 in /home/testerprog/domains/automationpractice.pl/public_html/classes/Cart.php on line 1488

Notice: Undefined offset: 1 in /home/testerprog/domains/automationpractice.pl/public_html/classes/Cart.php on line 1488

Notice: Undefined offset: 1 in /home/testerprog/domains/automationpractice.pl/public_html/classes/Cart.php on line 1488

Notice: Undefined offset: 1 in /home/testerprog/domains/automationpractice.pl/public_html/classes/Cart.php on line 1488

Notice: Undefined offset: 1 in /home/testerprog/domains/automationpractice.pl/public_html/classes/Cart.php on line 1488

Notice: Undefined offset: 1 in /home/testerprog/domains/automationpractice.pl/public_html/classes/Cart.php on line 1488

Notice: Undefined offset: 1 in /home/testerprog/domains/automationpractice.pl/public_html/classes/Cart.php on line 1488

Notice: Undefined offset: 0 in /home/testerprog/domains/automationpractice.pl/public_html/classes/Cart.php on line 1488

Notice: Undefined offset: 0 in /home/testerprog/domains/automationpractice.pl/public_html/classes/Cart.php on line 1488

Notice: Undefined offset: 0 in /home/testerprog/domains/automationpractice.pl/public_html/classes/Cart.php on line 1488

Notice: Undefined offset: 0 in /home/testerprog/domains/automationpractice.pl/public_html/classes/Cart.php on line 1488
{&quot;products&quot;:[{&quot;id&quot;:2,&quot;link&quot;:&quot;http:\/\/www.automationpractice.pl\/index.php?id_product=2&amp;controller=product#\/size-s\/color-black&quot;,&quot;quantity&quot;:1,&quot;image&quot;:&quot;http:\/\/www.automationpractice.pl\/img\/p\/7\/7-home_default.jpg&quot;,&quot;image_cart&quot;:&quot;http:\/\/www.automationpractice.pl\/img\/p\/7\/7-cart_default.jpg&quot;,&quot;priceByLine&quot;:&quot;$27&quot;,&quot;name&quot;:&quot;Blouse&quot;,&quot;price&quot;:&quot;$27&quot;,&quot;price_float&quot;:27,&quot;idCombination&quot;:7,&quot;idAddressDelivery&quot;:0,&quot;is_gift&quot;:false,&quot;hasAttributes&quot;:true,&quot;attributes&quot;:&quot;S, Black&quot;,&quot;hasCustomizedDatas&quot;:false,&quot;customizedDatas&quot;:[]}],&quot;discounts&quot;:[],&quot;shippingCost&quot;:&quot;$7&quot;,&quot;shippingCostFloat&quot;:7,&quot;wrappingCost&quot;:&quot;$0&quot;,&quot;nbTotalProducts&quot;:1,&quot;total&quot;:&quot;$34&quot;,&quot;productTotal&quot;:&quot;$27&quot;,&quot;freeShipping&quot;:&quot;$0&quot;,&quot;freeShippingFloat&quot;:0,&quot;hasError&quot;:false}]" type="java.lang.AssertionError">
      <![CDATA[java.lang.AssertionError: expected [Impossible to add the product to the cart.
] but found [Impossible to add the product to the cart.
textStatus: 'parsererror'
errorThrown: 'SyntaxError: Unexpected token '<', "
"... is not valid JSON'
responseText:

Notice: Undefined offset: 1 in /home/testerprog/domains/automationpractice.pl/public_html/classes/Cart.php on line 1488

Notice: Undefined offset: 1 in /home/testerprog/domains/automationpractice.pl/public_html/classes/Cart.php on line 1488

Notice: Undefined offset: 1 in /home/testerprog/domains/automationpractice.pl/public_html/classes/Cart.php on line 1488

Notice: Undefined offset: 1 in /home/testerprog/domains/automationpractice.pl/public_html/classes/Cart.php on line 1488

Notice: Undefined offset: 1 in /home/testerprog/domains/automationpractice.pl/public_html/classes/Cart.php on line 1488

Notice: Undefined offset: 1 in /home/testerprog/domains/automationpractice.pl/public_html/classes/Cart.php on line 1488

Notice: Undefined offset: 1 in /home/testerprog/domains/automationpractice.pl/public_html/classes/Cart.php on line 1488

Notice: Undefined offset: 0 in /home/testerprog/domains/automationpractice.pl/public_html/classes/Cart.php on line 1488

Notice: Undefined offset: 0 in /home/testerprog/domains/automationpractice.pl/public_html/classes/Cart.php on line 1488

Notice: Undefined offset: 0 in /home/testerprog/domains/automationpractice.pl/public_html/classes/Cart.php on line 1488

Notice: Undefined offset: 0 in /home/testerprog/domains/automationpractice.pl/public_html/classes/Cart.php on line 1488
{"products":[{"id":2,"link":"http:\/\/www.automationpractice.pl\/index.php?id_product=2&controller=product#\/size-s\/color-black","quantity":1,"image":"http:\/\/www.automationpractice.pl\/img\/p\/7\/7-home_default.jpg","image_cart":"http:\/\/www.automationpractice.pl\/img\/p\/7\/7-cart_default.jpg","priceByLine":"$27","name":"Blouse","price":"$27","price_float":27,"idCombination":7,"idAddressDelivery":0,"is_gift":false,"hasAttributes":true,"attributes":"S, Black","hasCustomizedDatas":false,"customizedDatas":[]}],"discounts":[],"shippingCost":"$7","shippingCostFloat":7,"wrappingCost":"$0","nbTotalProducts":1,"total":"$34","productTotal":"$27","freeShipping":"$0","freeShippingFloat":0,"hasError":false}]
at org.testng.Assert.fail(Assert.java:111)
at org.testng.Assert.failNotEquals(Assert.java:1578)
at org.testng.Assert.assertEqualsImpl(Assert.java:150)
at org.testng.Assert.assertEquals(Assert.java:132)
at org.testng.Assert.assertEquals(Assert.java:656)
at org.testng.Assert.assertEquals(Assert.java:666)
at testcases.CasoCarrito.anadirProductosAlCarrito(CasoCarrito.java:78)
at java.base/jdk.internal.reflect.NativeMethodAccessorImpl.invoke0(Native Method)
at java.base/jdk.internal.reflect.NativeMethodAccessorImpl.invoke(NativeMethodAccessorImpl.java:62)
at java.base/jdk.internal.reflect.DelegatingMethodAccessorImpl.invoke(DelegatingMethodAccessorImpl.java:43)
at java.base/java.lang.reflect.Method.invoke(Method.java:566)
at org.testng.internal.invokers.MethodInvocationHelper.invokeMethod(MethodInvocationHelper.java:139)
at org.testng.internal.invokers.TestInvoker.invokeMethod(TestInvoker.java:664)
at org.testng.internal.invokers.TestInvoker.invokeTestMethod(TestInvoker.java:227)
at org.testng.internal.invokers.MethodRunner.runInSequence(MethodRunner.java:50)
at org.testng.internal.invokers.TestInvoker$MethodInvocationAgent.invoke(TestInvoker.java:957)
at org.testng.internal.invokers.TestInvoker.invokeTestMethods(TestInvoker.java:200)
at org.testng.internal.invokers.TestMethodWorker.invokeTestMethods(TestMethodWorker.java:148)
at org.testng.internal.invokers.TestMethodWorker.run(TestMethodWorker.java:128)
at java.base/java.util.ArrayList.forEach(ArrayList.java:1541)
at org.testng.TestRunner.privateRun(TestRunner.java:848)
at org.testng.TestRunner.run(TestRunner.java:621)
at org.testng.SuiteRunner.runTest(SuiteRunner.java:443)
at org.testng.SuiteRunner.runSequentially(SuiteRunner.java:437)
at org.testng.SuiteRunner.privateRun(SuiteRunner.java:397)
at org.testng.SuiteRunner.run(SuiteRunner.java:336)
at org.testng.SuiteRunnerWorker.runSuite(SuiteRunnerWorker.java:52)
at org.testng.SuiteRunnerWorker.run(SuiteRunnerWorker.java:95)
at org.testng.TestNG.runSuitesSequentially(TestNG.java:1280)
at org.testng.TestNG.runSuitesLocally(TestNG.java:1200)
at org.testng.TestNG.runSuites(TestNG.java:1114)
at org.testng.TestNG.run(TestNG.java:1082)
at org.testng.remote.AbstractRemoteTestNG.run(AbstractRemoteTestNG.java:115)
at org.testng.remote.RemoteTestNG.initAndRun(RemoteTestNG.java:251)
at org.testng.remote.RemoteTestNG.main(RemoteTestNG.java:77)
]]>
    </failure>
  </testcase> <!-- anadirProductosAlCarrito -->
  <testcase classname="testcases.CasoCarrito" name="elegirArticulosAzarCarritoCompras" time="0.147"/>
</testsuite> <!-- testcases.CasoCarrito -->
